<?xml version="1.0" encoding="UTF-8"?>
<testng-results ignored="0" total="1" passed="1" failed="0" skipped="0">
  <reporter-output>
  </reporter-output>
  <suite started-at="2024-05-08T23:22:35 IST" name="Suite" finished-at="2024-05-08T23:22:45 IST" duration-ms="10243">
    <groups>
      <group name="regression">
        <method signature="TC_001_Login.verify_login()[pri:0, instance:IcontentTestCases.TC_001_Login@54c5a2ff]" name="verify_login" class="IcontentTestCases.TC_001_Login"/>
      </group> <!-- regression -->
      <group name="sanity">
        <method signature="TC_001_Login.verify_login()[pri:0, instance:IcontentTestCases.TC_001_Login@54c5a2ff]" name="verify_login" class="IcontentTestCases.TC_001_Login"/>
      </group> <!-- sanity -->
      <group name="master">
        <method signature="TC_001_Login.verify_login()[pri:0, instance:IcontentTestCases.TC_001_Login@54c5a2ff]" name="verify_login" class="IcontentTestCases.TC_001_Login"/>
      </group> <!-- master -->
    </groups>
    <test started-at="2024-05-08T23:22:35 IST" name="UserLogin" finished-at="2024-05-08T23:22:45 IST" duration-ms="10243">
      <class name="IcontentTestCases.TC_001_Login">
        <test-method is-config="true" signature="setup(java.lang.String,java.lang.String)[pri:0, instance:IcontentTestCases.TC_001_Login@54c5a2ff]" started-at="2024-05-08T23:22:35 IST" name="setup" finished-at="2024-05-08T23:22:44 IST" duration-ms="8840" status="PASS">
          <params>
            <param index="0">
              <value>
                <![CDATA[mac]]>
              </value>
            </param>
            <param index="1">
              <value>
                <![CDATA[chrome]]>
              </value>
            </param>
          </params>
          <reporter-output>
          </reporter-output>
        </test-method> <!-- setup -->
        <test-method signature="verify_login()[pri:0, instance:IcontentTestCases.TC_001_Login@54c5a2ff]" started-at="2024-05-08T23:22:44 IST" name="verify_login" finished-at="2024-05-08T23:22:45 IST" duration-ms="1169" status="PASS">
          <reporter-output>
          </reporter-output>
        </test-method> <!-- verify_login -->
      </class> <!-- IcontentTestCases.TC_001_Login -->
    </test> <!-- UserLogin -->
  </suite> <!-- Suite -->
</testng-results>
